{"level":"warning","message":"Cuidado, Tenemos un problemita..."}
{"level":"error","message":"Un error se ha detectado..."}
{"level":"warning","message":"Cuidado, Tenemos un problemita..."}
{"level":"error","message":"Un error se ha detectado..."}
{"level":"error","message":"GET en / - function toLocaleTimeString() { [native code] }"}
{"level":"error","message":"GET en /img/1683638186744-secarropa.jpg - function toLocaleTimeString() { [native code] }"}
{"level":"error","message":"GET en /img/1683638141015-pava.jpg - function toLocaleTimeString() { [native code] }"}
{"level":"error","message":"GET en /profile - function toLocaleTimeString() { [native code] }"}
{"level":"error","message":"POST en /api/sessions/logout - function toLocaleTimeString() { [native code] }"}
{"level":"error","message":"GET en /login - function toLocaleTimeString() { [native code] }"}
{"level":"warning","message":"Cuidado, Tenemos un problemita..."}
{"level":"error","message":"Un error se ha detectado..."}
{"level":"error","message":"GET en / - function toLocaleTimeString() { [native code] }"}
{"level":"error","message":"GET en /login - function toLocaleTimeString() { [native code] }"}
{"level":"error","message":"GET en /realtimeProducts - function toLocaleTimeString() { [native code] }"}
{"level":"error","message":"GET en /products - function toLocaleTimeString() { [native code] }"}
{"level":"error","message":"GET en /login - function toLocaleTimeString() { [native code] }"}
{"level":"warning","message":"Cuidado, Tenemos un problemita..."}
{"level":"error","message":"Un error se ha detectado..."}
{"level":"error","message":"GET en / - function toLocaleTimeString() { [native code] }"}
{"level":"error","message":"GET en /login - function toLocaleTimeString() { [native code] }"}
{"level":"error","message":"POST en /api/sessions/login/ - function toLocaleTimeString() { [native code] }"}
{"level":"error","message":"POST en /api/sessions/login/ - function toLocaleTimeString() { [native code] }"}
{"level":"error","message":"POST en /api/sessions/login/ - function toLocaleTimeString() { [native code] }"}
{"level":"error","message":"POST en /api/sessions/login/ - function toLocaleTimeString() { [native code] }"}
{"level":"error","message":"GET en /products - function toLocaleTimeString() { [native code] }"}
{"level":"error","message":"GET en /img/1683638141015-pava.jpg - function toLocaleTimeString() { [native code] }"}
{"level":"error","message":"GET en /img/1683638186744-secarropa.jpg - function toLocaleTimeString() { [native code] }"}
{"level":"error","message":"GET en /profile - function toLocaleTimeString() { [native code] }"}
{"level":"error","message":"GET en /profile - function toLocaleTimeString() { [native code] }"}
{"level":"error","message":"GET en /profile - function toLocaleTimeString() { [native code] }"}
{"level":"error","message":"GET en /profile - function toLocaleTimeString() { [native code] }"}
{"level":"error","message":"GET en /profile - function toLocaleTimeString() { [native code] }"}
{"level":"error","message":"GET en /login - function toLocaleTimeString() { [native code] }"}
{"level":"error","message":"GET en /profile - function toLocaleTimeString() { [native code] }"}
{"level":"error","message":"GET en /login - function toLocaleTimeString() { [native code] }"}
{"level":"error","message":"POST en /api/sessions/login/ - function toLocaleTimeString() { [native code] }"}
{"level":"error","message":"GET en /products - function toLocaleTimeString() { [native code] }"}
{"level":"error","message":"GET en /img/1683638141015-pava.jpg - function toLocaleTimeString() { [native code] }"}
{"level":"error","message":"GET en /img/1683638186744-secarropa.jpg - function toLocaleTimeString() { [native code] }"}
{"level":"error","message":"GET en /profile - function toLocaleTimeString() { [native code] }"}
{"level":"error","message":"GET en /profile - function toLocaleTimeString() { [native code] }"}
{"level":"error","message":"GET en /profile - function toLocaleTimeString() { [native code] }"}
{"level":"error","message":"GET en /login - function toLocaleTimeString() { [native code] }"}
{"level":"error","message":"POST en /api/sessions/login/ - function toLocaleTimeString() { [native code] }"}
{"level":"error","message":"GET en /products - function toLocaleTimeString() { [native code] }"}
{"level":"error","message":"GET en /img/1683638141015-pava.jpg - function toLocaleTimeString() { [native code] }"}
{"level":"error","message":"GET en /img/1683638186744-secarropa.jpg - function toLocaleTimeString() { [native code] }"}
{"level":"error","message":"GET en /profile - function toLocaleTimeString() { [native code] }"}
{"level":"error","message":"GET en /profile - function toLocaleTimeString() { [native code] }"}
{"level":"error","message":"GET en /login - function toLocaleTimeString() { [native code] }"}
{"level":"error","message":"POST en /api/sessions/login/ - function toLocaleTimeString() { [native code] }"}
{"level":"error","message":"GET en /products - function toLocaleTimeString() { [native code] }"}
{"level":"error","message":"GET en /login - function toLocaleTimeString() { [native code] }"}
{"level":"error","message":"GET en /profile - function toLocaleTimeString() { [native code] }"}
{"level":"error","message":"GET en /login - function toLocaleTimeString() { [native code] }"}
{"level":"error","message":"POST en /api/sessions/login/ - function toLocaleTimeString() { [native code] }"}
{"level":"error","message":"GET en /products - function toLocaleTimeString() { [native code] }"}
{"level":"error","message":"GET en /img/1683638186744-secarropa.jpg - function toLocaleTimeString() { [native code] }"}
{"level":"error","message":"GET en /img/1683638141015-pava.jpg - function toLocaleTimeString() { [native code] }"}
{"level":"error","message":"GET en /profile - function toLocaleTimeString() { [native code] }"}
{"level":"error","message":"GET en /profile - function toLocaleTimeString() { [native code] }"}
{"level":"error","message":"GET en /profile - function toLocaleTimeString() { [native code] }"}
{"level":"error","message":"GET en /profile - function toLocaleTimeString() { [native code] }"}
{"level":"error","message":"POST en /api/sessions/logout - function toLocaleTimeString() { [native code] }"}
{"level":"error","message":"GET en /login - function toLocaleTimeString() { [native code] }"}
{"level":"error","message":"POST en /api/sessions/login/ - function toLocaleTimeString() { [native code] }"}
{"level":"error","message":"GET en /products - function toLocaleTimeString() { [native code] }"}
{"level":"error","message":"GET en /img/1683638141015-pava.jpg - function toLocaleTimeString() { [native code] }"}
{"level":"error","message":"GET en /img/1683638186744-secarropa.jpg - function toLocaleTimeString() { [native code] }"}
{"level":"error","message":"GET en /profile - function toLocaleTimeString() { [native code] }"}
{"level":"error","message":"GET en /profile - function toLocaleTimeString() { [native code] }"}
{"level":"error","message":"GET en /profile - function toLocaleTimeString() { [native code] }"}
{"level":"error","message":"GET en /profile - function toLocaleTimeString() { [native code] }"}
{"level":"error","message":"GET en /profile - function toLocaleTimeString() { [native code] }"}
{"level":"error","message":"GET en /profile - function toLocaleTimeString() { [native code] }"}
{"level":"error","message":"GET en /profile - function toLocaleTimeString() { [native code] }"}
{"level":"error","message":"GET en /login - function toLocaleTimeString() { [native code] }"}
{"level":"error","message":"POST en /api/sessions/login/ - function toLocaleTimeString() { [native code] }"}
{"level":"error","message":"GET en /products - function toLocaleTimeString() { [native code] }"}
{"level":"error","message":"GET en /profile - function toLocaleTimeString() { [native code] }"}
{"level":"error","message":"GET en /restore - function toLocaleTimeString() { [native code] }"}
{"level":"error","message":"GET en /restore - function toLocaleTimeString() { [native code] }"}
{"level":"error","message":"GET en /restore - function toLocaleTimeString() { [native code] }"}
{"level":"error","message":"GET en /restore - function toLocaleTimeString() { [native code] }"}
{"level":"error","message":"GET en /restore - function toLocaleTimeString() { [native code] }"}
{"level":"error","message":"GET en /profile - function toLocaleTimeString() { [native code] }"}
{"level":"error","message":"GET en /login - function toLocaleTimeString() { [native code] }"}
{"level":"warning","message":"Cuidado, Tenemos un problemita..."}
{"level":"error","message":"Un error se ha detectado..."}
{"level":"error","message":"GET en / - function toLocaleTimeString() { [native code] }"}
{"level":"error","message":"GET en /login - function toLocaleTimeString() { [native code] }"}
{"level":"error","message":"POST en /api/sessions/login/ - function toLocaleTimeString() { [native code] }"}
{"level":"error","message":"POST en /api/sessions/login/ - function toLocaleTimeString() { [native code] }"}
{"level":"error","message":"POST en /api/sessions/login/ - function toLocaleTimeString() { [native code] }"}
{"level":"error","message":"POST en /api/sessions/login/ - function toLocaleTimeString() { [native code] }"}
{"level":"error","message":"POST en /api/sessions/login/ - function toLocaleTimeString() { [native code] }"}
{"level":"error","message":"GET en /register - function toLocaleTimeString() { [native code] }"}
{"level":"error","message":"POST en /api/sessions/register - function toLocaleTimeString() { [native code] }"}
{"level":"warning","message":"Cuidado, Tenemos un problemita..."}
{"level":"error","message":"Un error se ha detectado..."}
{"level":"error","message":"GET en / - function toLocaleTimeString() { [native code] }"}
{"level":"error","message":"GET en /login - function toLocaleTimeString() { [native code] }"}
{"level":"error","message":"GET en /register - function toLocaleTimeString() { [native code] }"}
{"level":"error","message":"POST en /api/sessions/register - function toLocaleTimeString() { [native code] }"}
{"level":"warning","message":"Cuidado, Tenemos un problemita..."}
{"level":"error","message":"Un error se ha detectado..."}
{"level":"error","message":"GET en / - function toLocaleTimeString() { [native code] }"}
{"level":"error","message":"GET en /login - function toLocaleTimeString() { [native code] }"}
{"level":"error","message":"GET en /register - function toLocaleTimeString() { [native code] }"}
{"level":"error","message":"POST en /api/sessions/register - function toLocaleTimeString() { [native code] }"}
{"level":"error","message":"GET en /login - function toLocaleTimeString() { [native code] }"}
{"level":"error","message":"POST en /api/sessions/login/ - function toLocaleTimeString() { [native code] }"}
{"level":"warning","message":"Cuidado, Tenemos un problemita..."}
{"level":"error","message":"Un error se ha detectado..."}
{"level":"error","message":"GET en / - function toLocaleTimeString() { [native code] }"}
{"level":"error","message":"GET en /login - function toLocaleTimeString() { [native code] }"}
{"level":"error","message":"POST en /api/sessions/login/ - function toLocaleTimeString() { [native code] }"}
{"level":"error","message":"POST en /api/sessions/login/ - function toLocaleTimeString() { [native code] }"}
{"level":"error","message":"POST en /api/sessions/login/ - function toLocaleTimeString() { [native code] }"}
{"level":"warning","message":"Cuidado, Tenemos un problemita..."}
{"level":"error","message":"Un error se ha detectado..."}
{"level":"error","message":"GET en / - function toLocaleTimeString() { [native code] }"}
{"level":"error","message":"GET en /login - function toLocaleTimeString() { [native code] }"}
{"level":"error","message":"POST en /api/sessions/login/ - function toLocaleTimeString() { [native code] }"}
{"level":"error","message":"POST en /api/sessions/login/ - function toLocaleTimeString() { [native code] }"}
{"level":"error","message":"POST en /api/sessions/login/ - function toLocaleTimeString() { [native code] }"}
{"level":"error","message":"POST en /api/sessions/login/ - function toLocaleTimeString() { [native code] }"}
{"level":"warning","message":"Cuidado, Tenemos un problemita..."}
{"level":"error","message":"Un error se ha detectado..."}
{"level":"error","message":"GET en / - function toLocaleTimeString() { [native code] }"}
{"level":"error","message":"GET en /login - function toLocaleTimeString() { [native code] }"}
{"level":"error","message":"POST en /api/sessions/login/ - function toLocaleTimeString() { [native code] }"}
{"level":"error","message":"POST en /api/sessions/login/ - function toLocaleTimeString() { [native code] }"}
{"level":"warning","message":"Cuidado, Tenemos un problemita..."}
{"level":"error","message":"Un error se ha detectado..."}
{"level":"error","message":"POST en /api/sessions/login/ - function toLocaleTimeString() { [native code] }"}
{"level":"error","message":"GET en /login - function toLocaleTimeString() { [native code] }"}
{"level":"error","message":"GET en /login - function toLocaleTimeString() { [native code] }"}
{"level":"error","message":"GET en /login - function toLocaleTimeString() { [native code] }"}
{"level":"error","message":"POST en /api/sessions/login/ - function toLocaleTimeString() { [native code] }"}
{"level":"error","message":"GET en /login - function toLocaleTimeString() { [native code] }"}
{"level":"error","message":"GET en /register - function toLocaleTimeString() { [native code] }"}
{"level":"error","message":"POST en /api/sessions/register - function toLocaleTimeString() { [native code] }"}
{"level":"error","message":"POST en /api/sessions/register - function toLocaleTimeString() { [native code] }"}
{"level":"error","message":"POST en /api/sessions/register - function toLocaleTimeString() { [native code] }"}
{"level":"error","message":"POST en /api/sessions/register - function toLocaleTimeString() { [native code] }"}
{"level":"warning","message":"Cuidado, Tenemos un problemita..."}
{"level":"error","message":"Un error se ha detectado..."}
{"level":"error","message":"POST en /api/sessions/register - function toLocaleTimeString() { [native code] }"}
{"level":"error","message":"POST en /api/sessions/register - function toLocaleTimeString() { [native code] }"}
{"level":"error","message":"POST en /api/sessions/register - function toLocaleTimeString() { [native code] }"}
{"level":"error","message":"POST en /api/sessions/register - function toLocaleTimeString() { [native code] }"}
{"level":"error","message":"GET en /register - function toLocaleTimeString() { [native code] }"}
{"level":"error","message":"POST en /api/sessions/register - function toLocaleTimeString() { [native code] }"}
{"level":"warning","message":"Cuidado, Tenemos un problemita..."}
{"level":"error","message":"Un error se ha detectado..."}
{"level":"error","message":"GET en / - function toLocaleTimeString() { [native code] }"}
{"level":"error","message":"GET en /login - function toLocaleTimeString() { [native code] }"}
{"level":"error","message":"GET en /register - function toLocaleTimeString() { [native code] }"}
{"level":"error","message":"POST en /api/sessions/register - function toLocaleTimeString() { [native code] }"}
{"level":"error","message":"GET en /login - function toLocaleTimeString() { [native code] }"}
{"level":"error","message":"POST en /api/sessions/login/ - function toLocaleTimeString() { [native code] }"}
{"level":"error","message":"GET en /login - function toLocaleTimeString() { [native code] }"}
{"level":"error","message":"GET en /login - function toLocaleTimeString() { [native code] }"}
{"level":"warning","message":"Cuidado, Tenemos un problemita..."}
{"level":"error","message":"Un error se ha detectado..."}
{"level":"error","message":"GET en / - function toLocaleTimeString() { [native code] }"}
{"level":"error","message":"GET en /login - function toLocaleTimeString() { [native code] }"}
{"level":"error","message":"POST en /api/sessions/login/ - function toLocaleTimeString() { [native code] }"}
{"level":"error","message":"POST en /api/sessions/login/ - function toLocaleTimeString() { [native code] }"}
{"level":"error","message":"POST en /api/sessions/login/ - function toLocaleTimeString() { [native code] }"}
{"level":"warning","message":"Cuidado, Tenemos un problemita..."}
{"level":"error","message":"Un error se ha detectado..."}
{"level":"error","message":"GET en / - function toLocaleTimeString() { [native code] }"}
{"level":"error","message":"GET en /login - function toLocaleTimeString() { [native code] }"}
{"level":"error","message":"POST en /api/sessions/login/ - function toLocaleTimeString() { [native code] }"}
{"level":"error","message":"POST en /api/sessions/login/ - function toLocaleTimeString() { [native code] }"}
{"level":"warning","message":"Cuidado, Tenemos un problemita..."}
{"level":"error","message":"Un error se ha detectado..."}
{"level":"error","message":"GET en / - function toLocaleTimeString() { [native code] }"}
{"level":"error","message":"GET en /login - function toLocaleTimeString() { [native code] }"}
{"level":"error","message":"GET en /register - function toLocaleTimeString() { [native code] }"}
{"level":"error","message":"POST en /api/sessions/register - function toLocaleTimeString() { [native code] }"}
{"level":"error","message":"GET en /login - function toLocaleTimeString() { [native code] }"}
{"level":"error","message":"POST en /api/sessions/login/ - function toLocaleTimeString() { [native code] }"}
{"level":"error","message":"GET en /login - function toLocaleTimeString() { [native code] }"}
{"level":"error","message":"POST en /api/sessions/login/ - function toLocaleTimeString() { [native code] }"}
{"level":"error","message":"POST en /api/sessions/login/ - function toLocaleTimeString() { [native code] }"}
{"level":"error","message":"GET en /register - function toLocaleTimeString() { [native code] }"}
{"level":"error","message":"POST en /api/sessions/register - function toLocaleTimeString() { [native code] }"}
{"level":"error","message":"GET en /login - function toLocaleTimeString() { [native code] }"}
{"level":"error","message":"POST en /api/sessions/login/ - function toLocaleTimeString() { [native code] }"}
{"level":"warning","message":"Cuidado, Tenemos un problemita..."}
{"level":"error","message":"Un error se ha detectado..."}
{"level":"error","message":"GET en /login - function toLocaleTimeString() { [native code] }"}
{"level":"error","message":"POST en /api/sessions/login/ - function toLocaleTimeString() { [native code] }"}
{"level":"warning","message":"Cuidado, Tenemos un problemita..."}
{"level":"error","message":"Un error se ha detectado..."}
{"level":"error","message":"GET en / - function toLocaleTimeString() { [native code] }"}
{"level":"error","message":"GET en /login - function toLocaleTimeString() { [native code] }"}
{"level":"error","message":"POST en /api/sessions/login/ - function toLocaleTimeString() { [native code] }"}
{"level":"warning","message":"Cuidado, Tenemos un problemita..."}
{"level":"error","message":"Un error se ha detectado..."}
{"level":"error","message":"GET en / - function toLocaleTimeString() { [native code] }"}
{"level":"error","message":"GET en /login - function toLocaleTimeString() { [native code] }"}
{"level":"error","message":"POST en /api/sessions/login/ - function toLocaleTimeString() { [native code] }"}
{"level":"error","message":"POST en /api/sessions/login/ - function toLocaleTimeString() { [native code] }"}
{"level":"error","message":"POST en /api/sessions/login/ - function toLocaleTimeString() { [native code] }"}
{"level":"error","message":"POST en /api/sessions/login/ - function toLocaleTimeString() { [native code] }"}
{"level":"warning","message":"Cuidado, Tenemos un problemita..."}
{"level":"error","message":"Un error se ha detectado..."}
{"level":"error","message":"GET en / - function toLocaleTimeString() { [native code] }"}
{"level":"error","message":"GET en /login - function toLocaleTimeString() { [native code] }"}
{"level":"error","message":"POST en /api/sessions/login/ - function toLocaleTimeString() { [native code] }"}
{"level":"error","message":"POST en /api/sessions/login/ - function toLocaleTimeString() { [native code] }"}
{"level":"error","message":"POST en /api/sessions/login/ - function toLocaleTimeString() { [native code] }"}
{"level":"warning","message":"Cuidado, Tenemos un problemita..."}
{"level":"error","message":"Un error se ha detectado..."}
{"level":"error","message":"GET en / - function toLocaleTimeString() { [native code] }"}
{"level":"error","message":"GET en /login - function toLocaleTimeString() { [native code] }"}
{"level":"error","message":"POST en /api/sessions/login/ - function toLocaleTimeString() { [native code] }"}
{"level":"error","message":"POST en /api/sessions/login/ - function toLocaleTimeString() { [native code] }"}
{"level":"error","message":"POST en /api/sessions/login/ - function toLocaleTimeString() { [native code] }"}
{"level":"warning","message":"Cuidado, Tenemos un problemita..."}
{"level":"error","message":"Un error se ha detectado..."}
{"level":"error","message":"GET en / - function toLocaleTimeString() { [native code] }"}
{"level":"error","message":"GET en /login - function toLocaleTimeString() { [native code] }"}
{"level":"error","message":"POST en /api/sessions/login/ - function toLocaleTimeString() { [native code] }"}
{"level":"error","message":"POST en /api/sessions/login/ - function toLocaleTimeString() { [native code] }"}
{"level":"error","message":"POST en /api/sessions/login/ - function toLocaleTimeString() { [native code] }"}
{"level":"error","message":"POST en /api/sessions/login/ - function toLocaleTimeString() { [native code] }"}
{"level":"warning","message":"Cuidado, Tenemos un problemita..."}
{"level":"error","message":"Un error se ha detectado..."}
{"level":"error","message":"GET en / - function toLocaleTimeString() { [native code] }"}
{"level":"error","message":"GET en /login - function toLocaleTimeString() { [native code] }"}
{"level":"error","message":"POST en /api/sessions/login/ - function toLocaleTimeString() { [native code] }"}
{"level":"warning","message":"Cuidado, Tenemos un problemita..."}
{"level":"error","message":"Un error se ha detectado..."}
{"level":"error","message":"GET en / - function toLocaleTimeString() { [native code] }"}
{"level":"error","message":"GET en /login - function toLocaleTimeString() { [native code] }"}
{"level":"error","message":"POST en /api/sessions/login/ - function toLocaleTimeString() { [native code] }"}
{"level":"error","message":"GET en /login - function toLocaleTimeString() { [native code] }"}
{"level":"error","message":"POST en /api/sessions/login/ - function toLocaleTimeString() { [native code] }"}
{"level":"error","message":"GET en /login - function toLocaleTimeString() { [native code] }"}
{"level":"warning","message":"Cuidado, Tenemos un problemita..."}
{"level":"error","message":"Un error se ha detectado..."}
{"level":"error","message":"GET en / - function toLocaleTimeString() { [native code] }"}
{"level":"error","message":"GET en /login - function toLocaleTimeString() { [native code] }"}
{"level":"error","message":"POST en /api/sessions/login/ - function toLocaleTimeString() { [native code] }"}
{"level":"warning","message":"Cuidado, Tenemos un problemita..."}
{"level":"error","message":"Un error se ha detectado..."}
{"level":"error","message":"GET en / - function toLocaleTimeString() { [native code] }"}
{"level":"error","message":"GET en /login - function toLocaleTimeString() { [native code] }"}
{"level":"error","message":"POST en /api/sessions/login/ - function toLocaleTimeString() { [native code] }"}
{"level":"error","message":"POST en /api/sessions/login/ - function toLocaleTimeString() { [native code] }"}
{"level":"warning","message":"Cuidado, Tenemos un problemita..."}
{"level":"error","message":"Un error se ha detectado..."}
{"level":"error","message":"GET en / - function toLocaleTimeString() { [native code] }"}
{"level":"error","message":"GET en /login - function toLocaleTimeString() { [native code] }"}
{"level":"error","message":"POST en /api/sessions/login/ - function toLocaleTimeString() { [native code] }"}
{"level":"error","message":"POST en /api/sessions/login/ - function toLocaleTimeString() { [native code] }"}
{"level":"warning","message":"Cuidado, Tenemos un problemita..."}
{"level":"error","message":"Un error se ha detectado..."}
{"level":"error","message":"GET en / - function toLocaleTimeString() { [native code] }"}
{"level":"error","message":"GET en /login - function toLocaleTimeString() { [native code] }"}
{"level":"error","message":"POST en /api/sessions/login/ - function toLocaleTimeString() { [native code] }"}
{"level":"warning","message":"Cuidado, Tenemos un problemita..."}
{"level":"error","message":"Un error se ha detectado..."}
{"level":"error","message":"GET en / - function toLocaleTimeString() { [native code] }"}
{"level":"error","message":"GET en /login - function toLocaleTimeString() { [native code] }"}
{"level":"error","message":"GET en /api/sessions/google - function toLocaleTimeString() { [native code] }"}
{"level":"error","message":"GET en / - function toLocaleTimeString() { [native code] }"}
{"level":"error","message":"GET en /login - function toLocaleTimeString() { [native code] }"}
{"level":"error","message":"GET en /api/sessions/github - function toLocaleTimeString() { [native code] }"}
{"level":"error","message":"GET en /sessions/githubcallback?error=redirect_uri_mismatch&error_description=The+redirect_uri+MUST+match+the+registered+callback+URL+for+this+application.&error_uri=https%3A%2F%2Fdocs.github.com%2Fapps%2Fmanaging-oauth-apps%2Ftroubleshooting-authorization-request-errors%2F%23redirect-uri-mismatch - function toLocaleTimeString() { [native code] }"}
{"level":"warning","message":"Cuidado, Tenemos un problemita..."}
{"level":"error","message":"Un error se ha detectado..."}
{"level":"error","message":"GET en / - function toLocaleTimeString() { [native code] }"}
{"level":"error","message":"GET en /login - function toLocaleTimeString() { [native code] }"}
{"level":"error","message":"POST en /api/sessions/login/ - function toLocaleTimeString() { [native code] }"}
{"level":"error","message":"GET en /products - function toLocaleTimeString() { [native code] }"}
{"level":"error","message":"GET en /img/1683638186744-secarropa.jpg - function toLocaleTimeString() { [native code] }"}
{"level":"error","message":"GET en /img/1683638141015-pava.jpg - function toLocaleTimeString() { [native code] }"}
{"level":"error","message":"GET en /realtimeProducts - function toLocaleTimeString() { [native code] }"}
{"level":"error","message":"GET en /chat - function toLocaleTimeString() { [native code] }"}
{"level":"error","message":"GET en /products - function toLocaleTimeString() { [native code] }"}
{"level":"error","message":"GET en /img/1683638141015-pava.jpg - function toLocaleTimeString() { [native code] }"}
{"level":"error","message":"GET en /img/1683638186744-secarropa.jpg - function toLocaleTimeString() { [native code] }"}
{"level":"error","message":"GET en /profile - function toLocaleTimeString() { [native code] }"}
{"level":"error","message":"GET en /products - function toLocaleTimeString() { [native code] }"}
{"level":"error","message":"GET en /img/1683638186744-secarropa.jpg - function toLocaleTimeString() { [native code] }"}
{"level":"error","message":"GET en /img/1683638141015-pava.jpg - function toLocaleTimeString() { [native code] }"}
{"level":"error","message":"GET en /profile - function toLocaleTimeString() { [native code] }"}
{"level":"error","message":"POST en /api/sessions/logout - function toLocaleTimeString() { [native code] }"}
{"level":"error","message":"GET en /login - function toLocaleTimeString() { [native code] }"}
{"level":"error","message":"POST en /api/sessions/login/ - function toLocaleTimeString() { [native code] }"}
{"level":"error","message":"GET en /products - function toLocaleTimeString() { [native code] }"}
{"level":"error","message":"GET en /img/1683638186744-secarropa.jpg - function toLocaleTimeString() { [native code] }"}
{"level":"error","message":"GET en /img/1683638141015-pava.jpg - function toLocaleTimeString() { [native code] }"}
{"level":"error","message":"GET en /profile - function toLocaleTimeString() { [native code] }"}
{"level":"error","message":"GET en /restore - function toLocaleTimeString() { [native code] }"}
{"level":"error","message":"POST en /api/sessions/restore?user=pepe@pepe.com&pass=comntrase%C3%B1a11 - function toLocaleTimeString() { [native code] }"}
{"level":"error","message":"GET en /profile - function toLocaleTimeString() { [native code] }"}
{"level":"error","message":"GET en /login - function toLocaleTimeString() { [native code] }"}
{"level":"error","message":"POST en /api/sessions/login/ - function toLocaleTimeString() { [native code] }"}
{"level":"error","message":"GET en /products - function toLocaleTimeString() { [native code] }"}
{"level":"error","message":"GET en /img/1683638186744-secarropa.jpg - function toLocaleTimeString() { [native code] }"}
{"level":"error","message":"GET en /img/1683638141015-pava.jpg - function toLocaleTimeString() { [native code] }"}
{"level":"error","message":"GET en /profile - function toLocaleTimeString() { [native code] }"}
{"level":"error","message":"GET en /login - function toLocaleTimeString() { [native code] }"}
{"level":"error","message":"POST en /api/sessions/login/ - function toLocaleTimeString() { [native code] }"}
{"level":"error","message":"GET en /products - function toLocaleTimeString() { [native code] }"}
{"level":"error","message":"GET en /img/1683638186744-secarropa.jpg - function toLocaleTimeString() { [native code] }"}
{"level":"error","message":"GET en /img/1683638141015-pava.jpg - function toLocaleTimeString() { [native code] }"}
{"level":"error","message":"GET en /profile - function toLocaleTimeString() { [native code] }"}
{"level":"error","message":"GET en /restore - function toLocaleTimeString() { [native code] }"}
{"level":"error","message":"POST en /api/sessions/restore?user=pepe@pepe.com&pass=contrase%C3%B1a11 - function toLocaleTimeString() { [native code] }"}
{"level":"error","message":"GET en /profile - function toLocaleTimeString() { [native code] }"}
{"level":"error","message":"GET en /login - function toLocaleTimeString() { [native code] }"}
{"level":"error","message":"POST en /api/sessions/login/ - function toLocaleTimeString() { [native code] }"}
{"level":"error","message":"GET en /products - function toLocaleTimeString() { [native code] }"}
{"level":"error","message":"GET en /img/1683638186744-secarropa.jpg - function toLocaleTimeString() { [native code] }"}
{"level":"error","message":"GET en /img/1683638141015-pava.jpg - function toLocaleTimeString() { [native code] }"}
